<?xml version="1.0" encoding="utf-8"?><testsuites name="pytest tests"><testsuite name="pytest" errors="0" failures="0" skipped="0" tests="16" time="38.642" timestamp="2026-03-07T15:26:41.806591+00:00" hostname="agent-env-a998d53b-0a0c-4fc3-a3b6-14ad769ed4a0"><testcase classname="backend.tests.test_iter14_screenshot_import.TestHealthAndAuth" name="test_health_endpoint" time="0.216" /><testcase classname="backend.tests.test_iter14_screenshot_import.TestHealthAndAuth" name="test_login_success" time="0.349" /><testcase classname="backend.tests.test_iter14_screenshot_import.TestExtractClientEndpoint" name="test_extract_client_requires_auth" time="0.130" /><testcase classname="backend.tests.test_iter14_screenshot_import.TestExtractClientEndpoint" name="test_extract_client_no_files" time="0.455" /><testcase classname="backend.tests.test_iter14_screenshot_import.TestExtractClientEndpoint" name="test_extract_client_with_single_image" time="2.960" /><testcase classname="backend.tests.test_iter14_screenshot_import.TestExtractClientEndpoint" name="test_extract_client_with_multiple_images" time="3.581" /><testcase classname="backend.tests.test_iter14_screenshot_import.TestExtractClientEndpoint" name="test_extract_client_null_fields_for_missing_data" time="2.325" /><testcase classname="backend.tests.test_iter14_screenshot_import.TestExtractCaseEndpoint" name="test_extract_case_requires_auth" time="0.134" /><testcase classname="backend.tests.test_iter14_screenshot_import.TestExtractCaseEndpoint" name="test_extract_case_no_files" time="0.119" /><testcase classname="backend.tests.test_iter14_screenshot_import.TestExtractCaseEndpoint" name="test_extract_case_with_mortgage_screenshot" time="4.809" /><testcase classname="backend.tests.test_iter14_screenshot_import.TestExtractCaseEndpoint" name="test_extract_case_with_insurance_screenshot" time="4.354" /><testcase classname="backend.tests.test_iter14_screenshot_import.TestExtractCaseEndpoint" name="test_extract_case_with_multiple_images" time="4.156" /><testcase classname="backend.tests.test_iter14_screenshot_import.TestImagePreprocessing" name="test_large_image_is_processed" time="2.990" /><testcase classname="backend.tests.test_iter14_screenshot_import.TestImagePreprocessing" name="test_jpeg_image_format" time="4.873" /><testcase classname="backend.tests.test_iter14_screenshot_import.TestResponseStructure" name="test_client_extraction_response_structure" time="2.587" /><testcase classname="backend.tests.test_iter14_screenshot_import.TestResponseStructure" name="test_case_extraction_response_structure" time="4.454" /></testsuite></testsuites>