<?xml version="1.0" encoding="utf-8"?><testsuites name="pytest tests"><testsuite name="pytest" errors="0" failures="0" skipped="0" tests="12" time="24.076" timestamp="2026-03-07T15:50:50.494767+00:00" hostname="agent-env-a998d53b-0a0c-4fc3-a3b6-14ad769ed4a0"><testcase classname="backend.tests.test_iter15_multi_applicant_deposit.TestMultiApplicantExtraction" name="test_extract_client_returns_applicants_array_structure" time="6.627" /><testcase classname="backend.tests.test_iter15_multi_applicant_deposit.TestMultiApplicantExtraction" name="test_extract_client_single_person_returns_array_with_one_object" time="3.016" /><testcase classname="backend.tests.test_iter15_multi_applicant_deposit.TestMultiApplicantExtraction" name="test_extract_client_multi_person_returns_multiple_applicants" time="4.802" /><testcase classname="backend.tests.test_iter15_multi_applicant_deposit.TestCaseDepositField" name="test_extract_case_includes_deposit_field" time="5.504" /><testcase classname="backend.tests.test_iter15_multi_applicant_deposit.TestCaseDepositField" name="test_create_case_with_deposit_field" time="0.591" /><testcase classname="backend.tests.test_iter15_multi_applicant_deposit.TestCaseDepositField" name="test_update_case_deposit_field" time="0.212" /><testcase classname="backend.tests.test_iter15_multi_applicant_deposit.TestScreenshotNotStored" name="test_screenshots_processed_count_returned" time="2.350" /><testcase classname="backend.tests.test_iter15_multi_applicant_deposit.TestScreenshotNotStored" name="test_no_screenshot_storage_endpoints" time="0.348" /><testcase classname="backend.tests.test_iter15_multi_applicant_deposit.TestAuthRequirements" name="test_extract_client_requires_auth" time="0.113" /><testcase classname="backend.tests.test_iter15_multi_applicant_deposit.TestAuthRequirements" name="test_extract_case_requires_auth" time="0.124" /><testcase classname="backend.tests.test_iter15_multi_applicant_deposit.TestAPIValidation" name="test_extract_client_no_files_returns_400" time="0.143" /><testcase classname="backend.tests.test_iter15_multi_applicant_deposit.TestAPIValidation" name="test_extract_case_no_files_returns_400" time="0.114" /></testsuite></testsuites>