<?xml version="1.0" encoding="utf-8"?><testsuites name="pytest tests"><testsuite name="pytest" errors="0" failures="0" skipped="0" tests="8" time="3.186" timestamp="2026-03-07T00:50:23.028913+00:00" hostname="agent-env-a998d53b-0a0c-4fc3-a3b6-14ad769ed4a0"><testcase classname="backend.tests.test_iter13_new_features.TestLenderUsageAnalytics" name="test_lender_usage_endpoint_returns_200" time="0.562" /><testcase classname="backend.tests.test_iter13_new_features.TestLenderUsageAnalytics" name="test_lender_usage_response_structure" time="0.131" /><testcase classname="backend.tests.test_iter13_new_features.TestLenderUsageAnalytics" name="test_lender_usage_item_structure" time="0.149" /><testcase classname="backend.tests.test_iter13_new_features.TestSecurityAddressFields" name="test_create_case_with_security_address" time="0.689" /><testcase classname="backend.tests.test_iter13_new_features.TestSecurityAddressFields" name="test_get_case_returns_security_fields" time="0.331" /><testcase classname="backend.tests.test_iter13_new_features.TestExistingData" name="test_get_clients_with_cases" time="0.464" /><testcase classname="backend.tests.test_iter13_new_features.TestExistingData" name="test_get_cases_with_security_fields" time="0.115" /><testcase classname="backend.tests.test_iter13_new_features.TestCaseCreateModel" name="test_create_case_with_ltv_field" time="0.695" /></testsuite></testsuites>