<?xml version="1.0" encoding="utf-8"?><testsuites name="pytest tests"><testsuite name="pytest" errors="0" failures="0" skipped="0" tests="8" time="2.607" timestamp="2026-03-06T22:21:46.593816+00:00" hostname="agent-env-a998d53b-0a0c-4fc3-a3b6-14ad769ed4a0"><testcase classname="backend.tests.test_iter10_client_fees.TestLogin" name="test_login_success" time="0.504" /><testcase classname="backend.tests.test_iter10_client_fees.TestCaseClientFee" name="test_create_case_with_client_fee" time="0.760" /><testcase classname="backend.tests.test_iter10_client_fees.TestDashboardForecast" name="test_forecast_returns_client_fees" time="0.156" /><testcase classname="backend.tests.test_iter10_client_fees.TestDashboardStats" name="test_stats_returns_total_client_fees" time="0.148" /><testcase classname="backend.tests.test_iter10_client_fees.TestCommissionAnalytics" name="test_analytics_returns_total_client_fees" time="0.131" /><testcase classname="backend.tests.test_iter10_client_fees.TestReportsClientFees" name="test_report_client_fees_type" time="0.109" /><testcase classname="backend.tests.test_iter10_client_fees.TestReportsClientFees" name="test_report_both_type" time="0.153" /><testcase classname="backend.tests.test_iter10_client_fees.TestCleanup" name="test_cleanup_test_data" time="0.583" /></testsuite></testsuites>