<?xml version="1.0" encoding="utf-8"?><testsuites name="pytest tests"><testsuite name="pytest" errors="0" failures="0" skipped="0" tests="12" time="3.444" timestamp="2026-03-06T21:58:25.286598+00:00" hostname="agent-env-a998d53b-0a0c-4fc3-a3b6-14ad769ed4a0"><testcase classname="backend.tests.test_iter9_new_fields.TestAuthAndSetup" name="test_login_success" time="0.356" /><testcase classname="backend.tests.test_iter9_new_fields.TestCasesEmptyState" name="test_cases_empty_initially" time="0.523" /><testcase classname="backend.tests.test_iter9_new_fields.TestNewMortgageFields" name="test_create_case_with_interest_rate_type_fixed" time="0.573" /><testcase classname="backend.tests.test_iter9_new_fields.TestNewMortgageFields" name="test_create_case_with_interest_rate_type_variable" time="0.108" /><testcase classname="backend.tests.test_iter9_new_fields.TestNewMortgageFields" name="test_create_case_with_interest_rate_type_tracker" time="0.129" /><testcase classname="backend.tests.test_iter9_new_fields.TestNewMortgageFields" name="test_create_case_with_interest_rate_type_discounted" time="0.118" /><testcase classname="backend.tests.test_iter9_new_fields.TestNewMortgageFields" name="test_create_case_with_interest_rate_type_capped" time="0.118" /><testcase classname="backend.tests.test_iter9_new_fields.TestNewMortgageFields" name="test_get_case_returns_new_fields" time="0.240" /><testcase classname="backend.tests.test_iter9_new_fields.TestNewMortgageFields" name="test_update_case_new_fields" time="0.385" /><testcase classname="backend.tests.test_iter9_new_fields.TestWipeDataEndpoint" name="test_wipe_data_endpoint_exists" time="0.580" /><testcase classname="backend.tests.test_iter9_new_fields.TestWipeDataEndpoint" name="test_after_wipe_cases_empty" time="0.136" /><testcase classname="backend.tests.test_iter9_new_fields.TestWipeDataEndpoint" name="test_after_wipe_clients_empty" time="0.123" /></testsuite></testsuites>