<?xml version="1.0" encoding="utf-8"?><testsuites name="pytest tests"><testsuite name="pytest" errors="0" failures="0" skipped="0" tests="9" time="4.573" timestamp="2026-03-06T22:44:51.590102+00:00" hostname="agent-env-a998d53b-0a0c-4fc3-a3b6-14ad769ed4a0"><testcase classname="backend.tests.test_iter11_client_fee_status.TestAuth" name="test_login_success" time="0.454" /><testcase classname="backend.tests.test_iter11_client_fee_status.TestCaseClientFeeFields" name="test_post_case_with_client_fee_status" time="0.684" /><testcase classname="backend.tests.test_iter11_client_fee_status.TestCaseClientFeeFields" name="test_put_case_update_client_fee_status" time="0.532" /><testcase classname="backend.tests.test_iter11_client_fee_status.TestDashboardForecast" name="test_dashboard_forecast_client_fee_fields" time="0.457" /><testcase classname="backend.tests.test_iter11_client_fee_status.TestClientFeePending" name="test_client_fee_pending_only_pending_status" time="1.239" /><testcase classname="backend.tests.test_iter11_client_fee_status.TestReportsEndpoint" name="test_reports_client_fees_type" time="0.469" /><testcase classname="backend.tests.test_iter11_client_fee_status.TestReportsEndpoint" name="test_reports_both_type" time="0.107" /><testcase classname="backend.tests.test_iter11_client_fee_status.TestReportsEndpoint" name="test_reports_commission_type" time="0.112" /><testcase classname="backend.tests.test_iter11_client_fee_status.TestDashboardStats" name="test_dashboard_stats_client_fee_pending" time="0.442" /></testsuite></testsuites>