<?xml version="1.0" encoding="utf-8"?><testsuites name="pytest tests"><testsuite name="pytest" errors="0" failures="0" skipped="0" tests="9" time="1.976" timestamp="2026-03-07T00:11:49.817815+00:00" hostname="agent-env-a998d53b-0a0c-4fc3-a3b6-14ad769ed4a0"><testcase classname="backend.tests.test_iter12_compliance_lender.TestComplianceChecklist" name="test_1_login_successful" time="0.556" /><testcase classname="backend.tests.test_iter12_compliance_lender.TestComplianceChecklist" name="test_2_get_compliance_purchase_case" time="0.283" /><testcase classname="backend.tests.test_iter12_compliance_lender.TestComplianceChecklist" name="test_3_get_compliance_product_transfer_case" time="0.187" /><testcase classname="backend.tests.test_iter12_compliance_lender.TestComplianceChecklist" name="test_4_get_compliance_life_insurance_case" time="0.167" /><testcase classname="backend.tests.test_iter12_compliance_lender.TestComplianceChecklist" name="test_5_get_compliance_home_insurance_case" time="0.174" /><testcase classname="backend.tests.test_iter12_compliance_lender.TestComplianceChecklist" name="test_6_toggle_compliance_item_persists" time="0.419" /><testcase classname="backend.tests.test_iter12_compliance_lender.TestComplianceChecklist" name="test_7_compliance_checklist_case_types_summary" time="0.000" /><testcase classname="backend.tests.test_iter12_compliance_lender.TestComplianceChecklist" name="test_8_existing_cases_compliance" time="0.138" /><testcase classname="backend.tests.test_iter12_compliance_lender.TestLenderData" name="test_lender_list_exists" time="0.000" /></testsuite></testsuites>