<?xml version="1.0" encoding="utf-8"?><testsuites name="pytest tests"><testsuite name="pytest" errors="0" failures="0" skipped="0" tests="9" time="1.567" timestamp="2026-03-06T21:36:11.213043+00:00" hostname="agent-env-5ef361cb-2e09-4d4c-b1e6-d131858506e7"><testcase classname="tests.test_iter8_fixes.TestRetentionEndpoint" name="test_retention_endpoint_returns_200" time="0.593" /><testcase classname="tests.test_iter8_fixes.TestRetentionEndpoint" name="test_retention_does_not_return_2028_case" time="0.079" /><testcase classname="tests.test_iter8_fixes.TestRetentionEndpoint" name="test_case_b0eedfcfae5c_appears_in_retention" time="0.061" /><testcase classname="tests.test_iter8_fixes.TestDashboardStats" name="test_dashboard_stats_returns_200" time="0.064" /><testcase classname="tests.test_iter8_fixes.TestDashboardStats" name="test_expiring_products_count_excludes_2028" time="0.123" /><testcase classname="tests.test_iter8_fixes.TestAdditionalApplicant" name="test_create_client_with_additional_applicant" time="0.134" /><testcase classname="tests.test_iter8_fixes.TestAdditionalApplicant" name="test_add_applicant_to_existing_client" time="0.218" /><testcase classname="tests.test_iter8_fixes.TestCaseCreationRegression" name="test_create_mortgage_case" time="0.228" /><testcase classname="tests.test_iter8_fixes.TestExpiryDateValidation" name="test_verify_six_month_window_calculation" time="0.000" /></testsuite></testsuites>