<?xml version="1.0" encoding="utf-8"?><testsuites name="pytest tests"><testsuite name="pytest" errors="0" failures="0" skipped="0" tests="14" time="2.672" timestamp="2026-03-06T21:05:14.073603+00:00" hostname="agent-env-5ef361cb-2e09-4d4c-b1e6-d131858506e7"><testcase classname="backend.tests.test_iter6_features.TestCaseCreation" name="test_create_mortgage_case_with_empty_strings" time="0.672" /><testcase classname="backend.tests.test_iter6_features.TestCaseCreation" name="test_create_mortgage_case_no_request_failed_error" time="0.115" /><testcase classname="backend.tests.test_iter6_features.TestInsuranceCaseCreation" name="test_create_insurance_case_with_all_fields" time="0.118" /><testcase classname="backend.tests.test_iter6_features.TestInsuranceCaseCreation" name="test_insurance_case_in_trust_false" time="0.121" /><testcase classname="backend.tests.test_iter6_features.TestDeleteCase" name="test_delete_case" time="0.180" /><testcase classname="backend.tests.test_iter6_features.TestCommissionSummary" name="test_forecast_returns_this_month_and_last_30_days" time="0.055" /><testcase classname="backend.tests.test_iter6_features.TestCommissionPaidDate" name="test_create_case_with_commission_paid_date" time="0.133" /><testcase classname="backend.tests.test_iter6_features.TestCommissionPaidDate" name="test_update_commission_paid_date" time="0.189" /><testcase classname="backend.tests.test_iter6_features.TestCaseReferenceField" name="test_case_has_case_reference_field" time="0.179" /><testcase classname="backend.tests.test_iter6_features.TestAdditionalApplicants" name="test_add_additional_applicant" time="0.237" /><testcase classname="backend.tests.test_iter6_features.TestAdditionalApplicants" name="test_multiple_additional_applicants" time="0.250" /><testcase classname="backend.tests.test_iter6_features.TestGlobalSearch" name="test_search_returns_clients_and_cases" time="0.057" /><testcase classname="backend.tests.test_iter6_features.TestNotifications" name="test_notifications_endpoint" time="0.059" /><testcase classname="backend.tests.test_iter6_features.TestProcFeeAndCommission" name="test_commission_calculation" time="0.193" /></testsuite></testsuites>