<?xml version="1.0" encoding="utf-8"?><testsuites name="pytest tests"><testsuite name="pytest" errors="0" failures="0" skipped="0" tests="21" time="4.852" timestamp="2026-03-03T13:45:58.148438+00:00" hostname="agent-env-ef8cc236-09b4-494a-a62d-cbbef6cbe474"><testcase classname="backend.tests.test_iteration3_features.TestAuthAndSetup" name="test_login_success" time="0.480" /><testcase classname="backend.tests.test_iteration3_features.TestCommissionModule" name="test_commission_monthly_endpoint" time="0.444" /><testcase classname="backend.tests.test_iteration3_features.TestCommissionModule" name="test_commission_monthly_with_year_filter" time="0.071" /><testcase classname="backend.tests.test_iteration3_features.TestCommissionModule" name="test_commission_monthly_with_date_range" time="0.053" /><testcase classname="backend.tests.test_iteration3_features.TestCommissionAnalytics" name="test_commission_analytics_endpoint" time="0.497" /><testcase classname="backend.tests.test_iteration3_features.TestCommissionAnalytics" name="test_commission_analytics_with_filters" time="0.069" /><testcase classname="backend.tests.test_iteration3_features.TestCommissionAnalytics" name="test_commission_analytics_with_date_range" time="0.057" /><testcase classname="backend.tests.test_iteration3_features.TestMortgageTypeAnalytics" name="test_mortgage_types_endpoint" time="0.539" /><testcase classname="backend.tests.test_iteration3_features.TestCustomReports" name="test_cases_completed_report" time="0.452" /><testcase classname="backend.tests.test_iteration3_features.TestCustomReports" name="test_commission_paid_report" time="0.076" /><testcase classname="backend.tests.test_iteration3_features.TestCustomReports" name="test_report_requires_dates" time="0.073" /><testcase classname="backend.tests.test_iteration3_features.TestCasesFilters" name="test_cases_filter_by_status" time="0.431" /><testcase classname="backend.tests.test_iteration3_features.TestCasesFilters" name="test_cases_filter_by_product_type" time="0.052" /><testcase classname="backend.tests.test_iteration3_features.TestCasesFilters" name="test_cases_filter_by_commission_status" time="0.054" /><testcase classname="backend.tests.test_iteration3_features.TestCasesFilters" name="test_cases_filter_by_advisor" time="0.050" /><testcase classname="backend.tests.test_iteration3_features.TestCasesFilters" name="test_cases_no_filter_returns_all" time="0.053" /><testcase classname="backend.tests.test_iteration3_features.TestClientsNewColumns" name="test_clients_returns_enriched_data" time="0.496" /><testcase classname="backend.tests.test_iteration3_features.TestClientsNewColumns" name="test_ltv_auto_calculation" time="0.100" /><testcase classname="backend.tests.test_iteration3_features.TestExistingCoreFeatures" name="test_dashboard_stats" time="0.493" /><testcase classname="backend.tests.test_iteration3_features.TestExistingCoreFeatures" name="test_dashboard_forecast" time="0.058" /><testcase classname="backend.tests.test_iteration3_features.TestExistingCoreFeatures" name="test_users_list" time="0.061" /></testsuite></testsuites>