<?xml version="1.0" encoding="utf-8"?><testsuites name="pytest tests"><testsuite name="pytest" errors="0" failures="0" skipped="0" tests="22" time="14.311" timestamp="2026-03-06T20:19:19.292726+00:00" hostname="agent-env-5ef361cb-2e09-4d4c-b1e6-d131858506e7"><testcase classname="backend.tests.test_crm_features_iter5.TestAuthEndpoints" name="test_login_first_user" time="0.506" /><testcase classname="backend.tests.test_crm_features_iter5.TestAuthEndpoints" name="test_login_second_user" time="0.400" /><testcase classname="backend.tests.test_crm_features_iter5.TestAuthEndpoints" name="test_login_invalid_credentials" time="0.175" /><testcase classname="backend.tests.test_crm_features_iter5.TestGlobalSearch" name="test_search_returns_empty_for_short_query" time="0.462" /><testcase classname="backend.tests.test_crm_features_iter5.TestGlobalSearch" name="test_search_returns_results_for_valid_query" time="0.868" /><testcase classname="backend.tests.test_crm_features_iter5.TestGlobalSearch" name="test_search_endpoint_requires_auth" time="0.110" /><testcase classname="backend.tests.test_crm_features_iter5.TestNotifications" name="test_notifications_endpoint_exists" time="0.467" /><testcase classname="backend.tests.test_crm_features_iter5.TestNotifications" name="test_notifications_structure" time="0.498" /><testcase classname="backend.tests.test_crm_features_iter5.TestNotifications" name="test_notifications_require_auth" time="0.114" /><testcase classname="backend.tests.test_crm_features_iter5.TestClientCRUD" name="test_create_client_minimal" time="0.577" /><testcase classname="backend.tests.test_crm_features_iter5.TestClientCRUD" name="test_delete_client_no_permission_error" time="0.745" /><testcase classname="backend.tests.test_crm_features_iter5.TestClientCRUD" name="test_client_list_columns" time="0.481" /><testcase classname="backend.tests.test_crm_features_iter5.TestClientAdditionalApplicants" name="test_create_client_with_additional_applicants" time="0.794" /><testcase classname="backend.tests.test_crm_features_iter5.TestClientAdditionalApplicants" name="test_remove_additional_applicant" time="0.792" /><testcase classname="backend.tests.test_crm_features_iter5.TestClientSearch" name="test_client_search_endpoint" time="0.718" /><testcase classname="backend.tests.test_crm_features_iter5.TestClientSearch" name="test_client_search_returns_empty_on_no_match" time="0.453" /><testcase classname="backend.tests.test_crm_features_iter5.TestCasesCRUD" name="test_create_mortgage_case" time="0.796" /><testcase classname="backend.tests.test_crm_features_iter5.TestCasesCRUD" name="test_create_insurance_case" time="0.880" /><testcase classname="backend.tests.test_crm_features_iter5.TestCasesCRUD" name="test_cases_filter_by_product_type" time="1.339" /><testcase classname="backend.tests.test_crm_features_iter5.TestCasesCRUD" name="test_cases_search_by_client_name" time="0.934" /><testcase classname="backend.tests.test_crm_features_iter5.TestCaseStatusReviewAutomation" name="test_review_status_creates_task" time="1.220" /><testcase classname="backend.tests.test_crm_features_iter5.TestExportEndpoint" name="test_excel_export_endpoint" time="0.839" /></testsuite></testsuites>