<?xml version="1.0" encoding="utf-8"?><testsuites name="pytest tests"><testsuite name="pytest" errors="0" failures="0" skipped="0" tests="21" time="9.220" timestamp="2026-03-03T13:19:27.587777+00:00" hostname="agent-env-ef8cc236-09b4-494a-a62d-cbbef6cbe474"><testcase classname="backend.tests.test_crm_api.TestHealthCheck" name="test_api_health" time="0.217" /><testcase classname="backend.tests.test_crm_api.TestHealthCheck" name="test_api_root" time="0.126" /><testcase classname="backend.tests.test_crm_api.TestAuthentication" name="test_login_success" time="0.359" /><testcase classname="backend.tests.test_crm_api.TestAuthentication" name="test_login_invalid_credentials" time="0.119" /><testcase classname="backend.tests.test_crm_api.TestAuthentication" name="test_get_current_user" time="0.472" /><testcase classname="backend.tests.test_crm_api.TestDashboard" name="test_dashboard_stats" time="0.449" /><testcase classname="backend.tests.test_crm_api.TestDashboard" name="test_dashboard_revenue" time="0.497" /><testcase classname="backend.tests.test_crm_api.TestDashboard" name="test_dashboard_forecast" time="0.503" /><testcase classname="backend.tests.test_crm_api.TestClients" name="test_get_clients_list" time="0.469" /><testcase classname="backend.tests.test_crm_api.TestClients" name="test_create_client" time="0.562" /><testcase classname="backend.tests.test_crm_api.TestClients" name="test_client_search" time="0.454" /><testcase classname="backend.tests.test_crm_api.TestCases" name="test_get_cases_list" time="0.447" /><testcase classname="backend.tests.test_crm_api.TestCases" name="test_get_cases_by_status" time="0.483" /><testcase classname="backend.tests.test_crm_api.TestTasks" name="test_get_tasks_list" time="0.437" /><testcase classname="backend.tests.test_crm_api.TestTasks" name="test_create_task" time="0.568" /><testcase classname="backend.tests.test_crm_api.TestExport" name="test_export_clients_excel" time="0.586" /><testcase classname="backend.tests.test_crm_api.TestExport" name="test_export_all_data_excel" time="0.462" /><testcase classname="backend.tests.test_crm_api.TestDocuments" name="test_get_documents_list" time="0.452" /><testcase classname="backend.tests.test_crm_api.TestUsers" name="test_get_users_list" time="0.461" /><testcase classname="backend.tests.test_crm_api.TestLeadAnalytics" name="test_lead_analytics" time="0.459" /><testcase classname="backend.tests.test_crm_api.TestLeadAnalytics" name="test_retention_data" time="0.445" /></testsuite></testsuites>