<?xml version="1.0" encoding="utf-8"?><testsuites name="pytest tests"><testsuite name="pytest" errors="0" failures="0" skipped="0" tests="7" time="4.853" timestamp="2026-03-06T21:22:14.227918+00:00" hostname="agent-env-5ef361cb-2e09-4d4c-b1e6-d131858506e7"><testcase classname="backend.tests.test_iter7_fixes.TestRetentionStats6Months" name="test_retention_stats_endpoint_returns_data" time="0.628" /><testcase classname="backend.tests.test_iter7_fixes.TestRetentionStats6Months" name="test_retention_covers_6_months_not_90_days" time="0.488" /><testcase classname="backend.tests.test_iter7_fixes.TestDashboardStats6Months" name="test_dashboard_stats_expiring_products" time="0.455" /><testcase classname="backend.tests.test_iter7_fixes.TestAdditionalApplicants" name="test_create_client_with_additional_applicants" time="0.580" /><testcase classname="backend.tests.test_iter7_fixes.TestAdditionalApplicants" name="test_create_client_with_multiple_additional_applicants" time="0.615" /><testcase classname="backend.tests.test_iter7_fixes.TestCommissionPaidDate" name="test_update_commission_paid_date" time="1.031" /><testcase classname="backend.tests.test_iter7_fixes.TestCaseCreationAndDeletion" name="test_case_creation_works" time="0.966" /></testsuite></testsuites>